2025-07-06 15:24:40,864 | INFO | __main__ | Starting main execution...
2025-07-06 15:24:41,608 | INFO | __main__ | Starting with snapshot ID 27 (last was 26)
2025-07-06 15:24:41,609 | INFO | __main__ | Processing batch 1: ['360ONE', 'ABB', 'ACC', 'APLAPOLLO', 'AUBANK', 'AARTIIND', 'ADANIENSOL', 'ADANIENT', 'ADANIGREEN', 'ADANIPORTS', 'ATGL', 'ABCAPITAL', 'ABFRL', 'ALKEM', 'AMBER', 'AMBUJACEM', 'ANGELONE', 'APOLLOHOSP', 'ASHOKLEY', 'ASIANPAINT', 'ASTRAL', 'AUROPHARMA', 'DMART', 'AXISBANK', 'BSOFT', 'BSE', 'BAJAJ-AUTO', 'BAJFINANCE', 'BAJAJFINSV', 'BALKRISIND', 'BANDHANBNK', 'BANKBARODA', 'BANKINDIA', 'BDL', 'BEL', 'BHARATFORG', 'BHEL', 'BPCL', 'BHARTIARTL', 'BIOCON', 'BLUESTARCO', 'BOSCHLTD', 'BRITANNIA', 'CESC', 'CGPOWER', 'CANBK', 'CDSL', 'CHAMBLFERT', 'CHOLAFIN', 'CIPLA']
2025-07-06 15:25:10,882 | INFO | __main__ | Processed and inserted data for 360ONE - snapshot ID 27
2025-07-06 15:25:12,069 | INFO | __main__ | Processed and inserted data for ABB - snapshot ID 27
2025-07-06 15:25:13,390 | INFO | __main__ | Processed and inserted data for ACC - snapshot ID 27
2025-07-06 15:25:14,600 | INFO | __main__ | Processed and inserted data for APLAPOLLO - snapshot ID 27
2025-07-06 15:25:15,939 | INFO | __main__ | Processed and inserted data for AUBANK - snapshot ID 27
2025-07-06 15:25:17,136 | INFO | __main__ | Processed and inserted data for AARTIIND - snapshot ID 27
2025-07-06 15:25:18,417 | INFO | __main__ | Processed and inserted data for ADANIENSOL - snapshot ID 27
2025-07-06 15:25:19,521 | INFO | __main__ | Processed and inserted data for ADANIENT - snapshot ID 27
2025-07-06 15:25:20,789 | INFO | __main__ | Processed and inserted data for ADANIGREEN - snapshot ID 27
2025-07-06 15:25:21,953 | INFO | __main__ | Processed and inserted data for ADANIPORTS - snapshot ID 27
2025-07-06 15:25:23,189 | INFO | __main__ | Processed and inserted data for ATGL - snapshot ID 27
2025-07-06 15:25:24,407 | INFO | __main__ | Processed and inserted data for ABCAPITAL - snapshot ID 27
2025-07-06 15:25:25,748 | INFO | __main__ | Processed and inserted data for ABFRL - snapshot ID 27
2025-07-06 15:25:26,938 | INFO | __main__ | Processed and inserted data for ALKEM - snapshot ID 27
2025-07-06 15:25:28,241 | INFO | __main__ | Processed and inserted data for AMBER - snapshot ID 27
2025-07-06 15:25:29,398 | INFO | __main__ | Processed and inserted data for AMBUJACEM - snapshot ID 27
2025-07-06 15:25:30,485 | INFO | __main__ | Processed and inserted data for ANGELONE - snapshot ID 27
2025-07-06 15:25:31,662 | INFO | __main__ | Processed and inserted data for APOLLOHOSP - snapshot ID 27
2025-07-06 15:25:32,957 | INFO | __main__ | Processed and inserted data for ASHOKLEY - snapshot ID 27
2025-07-06 15:25:34,145 | INFO | __main__ | Processed and inserted data for ASIANPAINT - snapshot ID 27
2025-07-06 15:25:35,481 | INFO | __main__ | Processed and inserted data for ASTRAL - snapshot ID 27
2025-07-06 15:25:36,821 | INFO | __main__ | Processed and inserted data for AUROPHARMA - snapshot ID 27
2025-07-06 15:25:37,957 | INFO | __main__ | Processed and inserted data for DMART - snapshot ID 27
2025-07-06 15:25:39,372 | INFO | __main__ | Processed and inserted data for AXISBANK - snapshot ID 27
2025-07-06 15:25:40,773 | INFO | __main__ | Processed and inserted data for BSOFT - snapshot ID 27
2025-07-06 15:25:42,195 | INFO | __main__ | Processed and inserted data for BSE - snapshot ID 27
2025-07-06 15:25:43,414 | INFO | __main__ | Processed and inserted data for BAJAJ-AUTO - snapshot ID 27
2025-07-06 15:25:44,854 | INFO | __main__ | Processed and inserted data for BAJFINANCE - snapshot ID 27
2025-07-06 15:25:46,160 | INFO | __main__ | Processed and inserted data for BAJAJFINSV - snapshot ID 27
2025-07-06 15:25:47,314 | INFO | __main__ | Processed and inserted data for BALKRISIND - snapshot ID 27
2025-07-06 15:25:48,509 | INFO | __main__ | Processed and inserted data for BANDHANBNK - snapshot ID 27
2025-07-06 15:25:50,096 | INFO | __main__ | Processed and inserted data for BANKBARODA - snapshot ID 27
2025-07-06 15:25:51,494 | INFO | __main__ | Processed and inserted data for BANKINDIA - snapshot ID 27
2025-07-06 15:25:52,867 | INFO | __main__ | Processed and inserted data for BDL - snapshot ID 27
2025-07-06 15:25:54,095 | INFO | __main__ | Processed and inserted data for BEL - snapshot ID 27
2025-07-06 15:25:55,442 | INFO | __main__ | Processed and inserted data for BHARATFORG - snapshot ID 27
2025-07-06 15:25:56,901 | INFO | __main__ | Processed and inserted data for BHEL - snapshot ID 27
2025-07-06 15:25:58,040 | INFO | __main__ | Processed and inserted data for BPCL - snapshot ID 27
2025-07-06 15:25:59,429 | INFO | __main__ | Processed and inserted data for BHARTIARTL - snapshot ID 27
2025-07-06 15:26:00,532 | INFO | __main__ | Processed and inserted data for BIOCON - snapshot ID 27
2025-07-06 15:26:01,839 | INFO | __main__ | Processed and inserted data for BLUESTARCO - snapshot ID 27
2025-07-06 15:26:03,002 | INFO | __main__ | Processed and inserted data for BOSCHLTD - snapshot ID 27
2025-07-06 15:26:04,141 | INFO | __main__ | Processed and inserted data for BRITANNIA - snapshot ID 27
2025-07-06 15:26:05,259 | INFO | __main__ | Processed and inserted data for CESC - snapshot ID 27
2025-07-06 15:26:06,823 | INFO | __main__ | Processed and inserted data for CGPOWER - snapshot ID 27
2025-07-06 15:26:08,265 | INFO | __main__ | Processed and inserted data for CANBK - snapshot ID 27
2025-07-06 15:26:09,389 | INFO | __main__ | Processed and inserted data for CDSL - snapshot ID 27
2025-07-06 15:26:10,809 | INFO | __main__ | Processed and inserted data for CHAMBLFERT - snapshot ID 27
2025-07-06 15:26:12,179 | INFO | __main__ | Processed and inserted data for CHOLAFIN - snapshot ID 27
2025-07-06 15:26:13,586 | INFO | __main__ | Processed and inserted data for CIPLA - snapshot ID 27
2025-07-06 15:26:14,119 | INFO | __main__ | Sleeping for 150 seconds...
2025-07-06 16:45:03,619 | INFO | __main__ | Starting main execution...
2025-07-06 16:45:04,172 | INFO | __main__ | Starting with snapshot ID 1 (last was None)
2025-07-06 16:45:04,172 | INFO | __main__ | Processing batch 1: ['360ONE', 'ABB', 'ACC', 'APLAPOLLO', 'AUBANK', 'AARTIIND', 'ADANIENSOL', 'ADANIENT', 'ADANIGREEN', 'ADANIPORTS', 'ATGL', 'ABCAPITAL', 'ABFRL', 'ALKEM', 'AMBER', 'AMBUJACEM', 'ANGELONE', 'APOLLOHOSP', 'ASHOKLEY', 'ASIANPAINT', 'ASTRAL', 'AUROPHARMA', 'DMART', 'AXISBANK', 'BSOFT', 'BSE', 'BAJAJ-AUTO', 'BAJFINANCE', 'BAJAJFINSV', 'BALKRISIND', 'BANDHANBNK', 'BANKBARODA', 'BANKINDIA', 'BDL', 'BEL', 'BHARATFORG', 'BHEL', 'BPCL', 'BHARTIARTL', 'BIOCON', 'BLUESTARCO', 'BOSCHLTD', 'BRITANNIA', 'CESC', 'CGPOWER', 'CANBK', 'CDSL', 'CHAMBLFERT', 'CHOLAFIN', 'CIPLA']
2025-07-06 16:45:25,743 | INFO | __main__ | Starting main execution...
2025-07-06 16:45:26,388 | INFO | __main__ | Starting with snapshot ID 1 (last was None)
2025-07-06 16:45:26,389 | INFO | __main__ | Processing batch 1: ['360ONE', 'ABB', 'ACC', 'APLAPOLLO', 'AUBANK', 'AARTIIND', 'ADANIENSOL', 'ADANIENT', 'ADANIGREEN', 'ADANIPORTS']
2025-07-06 16:46:00,399 | INFO | __main__ | Processed and inserted data for 360ONE - snapshot ID 1
2025-07-06 16:46:01,623 | INFO | __main__ | Processed and inserted data for ABB - snapshot ID 1
2025-07-06 16:46:02,895 | INFO | __main__ | Processed and inserted data for ACC - snapshot ID 1
2025-07-06 16:46:04,284 | INFO | __main__ | Processed and inserted data for APLAPOLLO - snapshot ID 1
2025-07-06 16:46:05,690 | INFO | __main__ | Processed and inserted data for AUBANK - snapshot ID 1
2025-07-06 16:46:07,008 | INFO | __main__ | Processed and inserted data for AARTIIND - snapshot ID 1
2025-07-06 16:46:08,172 | INFO | __main__ | Processed and inserted data for ADANIENSOL - snapshot ID 1
2025-07-06 16:46:09,264 | INFO | __main__ | Processed and inserted data for ADANIENT - snapshot ID 1
2025-07-06 16:46:10,536 | INFO | __main__ | Processed and inserted data for ADANIGREEN - snapshot ID 1
2025-07-06 16:46:11,703 | INFO | __main__ | Processed and inserted data for ADANIPORTS - snapshot ID 1
2025-07-06 16:46:12,395 | INFO | __main__ | Sleeping for 150 seconds...
2025-07-06 16:52:42,524 | INFO | __main__ | Starting main execution...
2025-07-06 16:52:43,191 | INFO | __main__ | Starting with snapshot ID 2 (last was 1)
2025-07-06 16:52:43,192 | INFO | __main__ | Processing batch 1: ['360ONE', 'ABB', 'ACC', 'APLAPOLLO', 'AUBANK']
2025-07-06 16:55:08,204 | INFO | __main__ | Starting main execution...
2025-07-06 16:55:08,843 | INFO | __main__ | Starting with snapshot ID 2 (last was 1)
2025-07-06 16:55:08,844 | INFO | __main__ | Processing batch 1: ['360ONE', 'ABB', 'ACC', 'APLAPOLLO', 'AUBANK']
2025-07-06 16:55:30,820 | WARNING | __main__ | No data for 360ONE
2025-07-06 16:55:30,821 | WARNING | __main__ | No data for ABB
2025-07-06 16:55:30,821 | WARNING | __main__ | No data for ACC
2025-07-06 16:55:30,821 | WARNING | __main__ | No data for APLAPOLLO
2025-07-06 16:55:30,821 | WARNING | __main__ | No data for AUBANK
2025-07-06 16:55:30,822 | INFO | __main__ | Sleeping for 150 seconds...
2025-07-06 16:56:41,641 | INFO | __main__ | Starting main execution...
2025-07-06 16:56:42,204 | INFO | __main__ | Starting with snapshot ID 2 (last was 1)
2025-07-06 16:56:42,204 | INFO | __main__ | Processing batch 1: ['360ONE', 'ABB', 'ACC', 'APLAPOLLO', 'AUBANK']
2025-07-06 16:56:57,265 | INFO | __main__ | Processed and inserted data for 360ONE - snapshot ID 2
2025-07-06 16:56:58,412 | INFO | __main__ | Processed and inserted data for ABB - snapshot ID 2
2025-07-06 16:56:59,597 | INFO | __main__ | Processed and inserted data for ACC - snapshot ID 2
2025-07-06 16:57:00,720 | INFO | __main__ | Processed and inserted data for APLAPOLLO - snapshot ID 2
2025-07-06 16:57:01,873 | INFO | __main__ | Processed and inserted data for AUBANK - snapshot ID 2
2025-07-06 16:57:02,452 | INFO | __main__ | Sleeping for 150 seconds...
2025-07-06 16:58:06,620 | INFO | __main__ | Starting main execution...
2025-07-06 16:58:07,128 | INFO | __main__ | Starting with snapshot ID 3 (last was 2)
2025-07-06 16:58:07,128 | INFO | __main__ | Processing batch 1: ['360ONE', 'ABB', 'ACC', 'APLAPOLLO', 'AUBANK', 'AARTIIND', 'ADANIENSOL', 'ADANIENT', 'ADANIGREEN', 'ADANIPORTS', 'ATGL', 'ABCAPITAL', 'ABFRL', 'ALKEM', 'AMBER', 'AMBUJACEM', 'ANGELONE', 'APOLLOHOSP', 'ASHOKLEY', 'ASIANPAINT', 'ASTRAL', 'AUROPHARMA', 'DMART', 'AXISBANK', 'BSOFT', 'BSE', 'BAJAJ-AUTO', 'BAJFINANCE', 'BAJAJFINSV', 'BALKRISIND']
2025-07-06 16:58:21,868 | INFO | __main__ | Processed and inserted data for 360ONE - snapshot ID 3
2025-07-06 16:58:23,200 | INFO | __main__ | Processed and inserted data for ABB - snapshot ID 3
2025-07-06 16:58:24,370 | INFO | __main__ | Processed and inserted data for ACC - snapshot ID 3
2025-07-06 16:58:25,620 | INFO | __main__ | Processed and inserted data for APLAPOLLO - snapshot ID 3
2025-07-06 16:58:26,879 | INFO | __main__ | Processed and inserted data for AUBANK - snapshot ID 3
2025-07-06 16:58:28,415 | INFO | __main__ | Processed and inserted data for AARTIIND - snapshot ID 3
2025-07-06 16:58:29,816 | INFO | __main__ | Processed and inserted data for ADANIENSOL - snapshot ID 3
2025-07-06 16:58:31,148 | INFO | __main__ | Processed and inserted data for ADANIENT - snapshot ID 3
2025-07-06 16:58:32,323 | INFO | __main__ | Processed and inserted data for ADANIGREEN - snapshot ID 3
2025-07-06 16:58:33,533 | INFO | __main__ | Processed and inserted data for ADANIPORTS - snapshot ID 3
2025-07-06 16:58:34,750 | INFO | __main__ | Processed and inserted data for ATGL - snapshot ID 3
2025-07-06 16:58:35,868 | INFO | __main__ | Processed and inserted data for ABCAPITAL - snapshot ID 3
2025-07-06 16:58:37,064 | INFO | __main__ | Processed and inserted data for ABFRL - snapshot ID 3
2025-07-06 16:58:38,313 | INFO | __main__ | Processed and inserted data for ALKEM - snapshot ID 3
2025-07-06 16:58:39,645 | INFO | __main__ | Processed and inserted data for AMBER - snapshot ID 3
2025-07-06 16:58:40,849 | INFO | __main__ | Processed and inserted data for AMBUJACEM - snapshot ID 3
2025-07-06 16:58:42,199 | INFO | __main__ | Processed and inserted data for ANGELONE - snapshot ID 3
2025-07-06 16:58:43,701 | INFO | __main__ | Processed and inserted data for APOLLOHOSP - snapshot ID 3
2025-07-06 16:58:44,988 | INFO | __main__ | Processed and inserted data for ASHOKLEY - snapshot ID 3
2025-07-06 16:58:46,172 | INFO | __main__ | Processed and inserted data for ASIANPAINT - snapshot ID 3
2025-07-06 16:58:47,598 | INFO | __main__ | Processed and inserted data for ASTRAL - snapshot ID 3
2025-07-06 16:58:48,955 | INFO | __main__ | Processed and inserted data for AUROPHARMA - snapshot ID 3
2025-07-06 16:58:50,296 | INFO | __main__ | Processed and inserted data for DMART - snapshot ID 3
2025-07-06 16:58:51,681 | INFO | __main__ | Processed and inserted data for AXISBANK - snapshot ID 3
2025-07-06 16:58:53,088 | INFO | __main__ | Processed and inserted data for BSOFT - snapshot ID 3
2025-07-06 16:58:54,327 | INFO | __main__ | Processed and inserted data for BSE - snapshot ID 3
2025-07-06 16:58:55,579 | INFO | __main__ | Processed and inserted data for BAJAJ-AUTO - snapshot ID 3
2025-07-06 16:58:57,029 | INFO | __main__ | Processed and inserted data for BAJFINANCE - snapshot ID 3
2025-07-06 16:58:58,183 | INFO | __main__ | Processed and inserted data for BAJAJFINSV - snapshot ID 3
2025-07-06 16:58:59,362 | INFO | __main__ | Processed and inserted data for BALKRISIND - snapshot ID 3
2025-07-06 16:58:59,983 | INFO | __main__ | Sleeping for 150 seconds...
