2025-07-08 12:22:50,327 | INFO | utils.helpers | Saved raw JSON for AUBANK at option_chain_snapshots/2025-07-08/8/AUBANK_8_2025-07-08_12:21:20.json
2025-07-08 12:22:50,357 | INFO | utils.helpers | Saved raw JSON for ABB at option_chain_snapshots/2025-07-08/8/ABB_8_2025-07-08_12:22:20.json
2025-07-08 12:22:50,383 | INFO | utils.helpers | Saved raw JSON for ACC at option_chain_snapshots/2025-07-08/8/ACC_8_2025-07-08_12:21:20.json
2025-07-08 12:22:50,457 | INFO | utils.helpers | Saved raw JSON for APLAPOLLO at option_chain_snapshots/2025-07-08/8/APLAPOLLO_8_2025-07-08_12:21:20.json
2025-07-08 12:22:50,464 | INFO | utils.helpers | Saved raw JSON for FINNIFTY at option_chain_snapshots/2025-07-08/8/FINNIFTY_8_2025-07-08_12:21:20.json
2025-07-08 12:22:50,464 | INFO | utils.helpers | Saved raw JSON for BANKNIFTY at option_chain_snapshots/2025-07-08/8/BANKNIFTY_8_2025-07-08_12:21:50.json
2025-07-08 12:22:50,464 | INFO | utils.helpers | Saved raw JSON for 360ONE at option_chain_snapshots/2025-07-08/8/360ONE_8_2025-07-08_12:21:20.json
2025-07-08 12:22:50,519 | INFO | utils.helpers | Saved raw JSON for NIFTYNXT50 at option_chain_snapshots/2025-07-08/8/NIFTYNXT50_8_2025-07-08_12:21:50.json
2025-07-08 12:22:50,545 | INFO | utils.helpers | Saved raw JSON for MIDCPNIFTY at option_chain_snapshots/2025-07-08/8/MIDCPNIFTY_8_2025-07-08_12:20:50.json
2025-07-08 12:22:50,660 | INFO | utils.helpers | Saved raw JSON for NIFTY at option_chain_snapshots/2025-07-08/8/NIFTY_8_2025-07-08_12:21:50.json
2025-07-08 15:07:46,609 | INFO | utils.helpers | Saved raw JSON for 360ONE at option_chain_snapshots/2025-07-08/9/360ONE_9_2025-07-08_15:06:56.json
2025-07-08 15:07:46,642 | INFO | utils.helpers | Saved raw JSON for ABB at option_chain_snapshots/2025-07-08/9/ABB_9_2025-07-08_15:06:56.json
2025-07-08 15:07:46,739 | INFO | utils.helpers | Saved raw JSON for NIFTYNXT50 at option_chain_snapshots/2025-07-08/9/NIFTYNXT50_9_2025-07-08_15:06:56.json
2025-07-08 15:07:46,767 | INFO | utils.helpers | Saved raw JSON for APLAPOLLO at option_chain_snapshots/2025-07-08/9/APLAPOLLO_9_2025-07-08_15:06:56.json
2025-07-08 15:07:46,824 | INFO | utils.helpers | Saved raw JSON for NIFTY at option_chain_snapshots/2025-07-08/9/NIFTY_9_2025-07-08_15:06:26.json
2025-07-08 15:07:46,832 | INFO | utils.helpers | Saved raw JSON for FINNIFTY at option_chain_snapshots/2025-07-08/9/FINNIFTY_9_2025-07-08_15:06:26.json
2025-07-08 15:07:46,893 | INFO | utils.helpers | Saved raw JSON for MIDCPNIFTY at option_chain_snapshots/2025-07-08/9/MIDCPNIFTY_9_2025-07-08_15:06:26.json
2025-07-08 15:07:46,944 | INFO | utils.helpers | Saved raw JSON for AUBANK at option_chain_snapshots/2025-07-08/9/AUBANK_9_2025-07-08_15:06:26.json
2025-07-08 15:07:47,006 | INFO | utils.helpers | Saved raw JSON for ACC at option_chain_snapshots/2025-07-08/9/ACC_9_2025-07-08_15:06:56.json
2025-07-08 15:07:47,040 | INFO | utils.helpers | Saved raw JSON for BANKNIFTY at option_chain_snapshots/2025-07-08/9/BANKNIFTY_9_2025-07-08_15:05:56.json
2025-07-08 15:12:30,698 | INFO | utils.helpers | Saved raw JSON for FINNIFTY at option_chain_snapshots/2025-07-08/10/FINNIFTY_10_2025-07-08_15:11:26.json
2025-07-08 15:12:30,724 | INFO | utils.helpers | Saved raw JSON for APLAPOLLO at option_chain_snapshots/2025-07-08/10/APLAPOLLO_10_2025-07-08_15:10:56.json
2025-07-08 15:12:30,734 | INFO | utils.helpers | Saved raw JSON for 360ONE at option_chain_snapshots/2025-07-08/10/360ONE_10_2025-07-08_15:11:26.json
2025-07-08 15:12:30,789 | INFO | utils.helpers | Saved raw JSON for ACC at option_chain_snapshots/2025-07-08/10/ACC_10_2025-07-08_15:11:26.json
2025-07-08 15:12:30,802 | INFO | utils.helpers | Saved raw JSON for AUBANK at option_chain_snapshots/2025-07-08/10/AUBANK_10_2025-07-08_15:11:56.json
2025-07-08 15:12:30,914 | INFO | utils.helpers | Saved raw JSON for ABB at option_chain_snapshots/2025-07-08/10/ABB_10_2025-07-08_15:10:56.json
2025-07-08 15:12:30,915 | INFO | utils.helpers | Saved raw JSON for NIFTYNXT50 at option_chain_snapshots/2025-07-08/10/NIFTYNXT50_10_2025-07-08_15:10:56.json
2025-07-08 15:12:30,917 | INFO | utils.helpers | Saved raw JSON for MIDCPNIFTY at option_chain_snapshots/2025-07-08/10/MIDCPNIFTY_10_2025-07-08_15:10:56.json
2025-07-08 15:12:30,917 | INFO | utils.helpers | Saved raw JSON for NIFTY at option_chain_snapshots/2025-07-08/10/NIFTY_10_2025-07-08_15:11:26.json
2025-07-08 15:12:30,918 | INFO | utils.helpers | Saved raw JSON for BANKNIFTY at option_chain_snapshots/2025-07-08/10/BANKNIFTY_10_2025-07-08_15:10:56.json
2025-07-08 15:41:57,536 | INFO | utils.helpers | Saved raw JSON for MIDCPNIFTY at option_chain_snapshots/2025-07-08/11/MIDCPNIFTY_11_2025-07-08_15:30:00.json
2025-07-08 15:41:57,581 | INFO | utils.helpers | Saved raw JSON for FINNIFTY at option_chain_snapshots/2025-07-08/11/FINNIFTY_11_2025-07-08_15:30:00.json
2025-07-08 15:41:57,604 | INFO | utils.helpers | Saved raw JSON for ABB at option_chain_snapshots/2025-07-08/11/ABB_11_2025-07-08_15:30:00.json
2025-07-08 15:41:57,654 | INFO | utils.helpers | Saved raw JSON for ACC at option_chain_snapshots/2025-07-08/11/ACC_11_2025-07-08_15:30:00.json
2025-07-08 15:41:57,654 | INFO | utils.helpers | Saved raw JSON for BANKNIFTY at option_chain_snapshots/2025-07-08/11/BANKNIFTY_11_2025-07-08_15:30:00.json
2025-07-08 15:41:57,662 | INFO | utils.helpers | Saved raw JSON for AUBANK at option_chain_snapshots/2025-07-08/11/AUBANK_11_2025-07-08_15:30:00.json
2025-07-08 15:41:57,719 | INFO | utils.helpers | Saved raw JSON for APLAPOLLO at option_chain_snapshots/2025-07-08/11/APLAPOLLO_11_2025-07-08_15:30:00.json
2025-07-08 15:41:57,731 | INFO | utils.helpers | Saved raw JSON for 360ONE at option_chain_snapshots/2025-07-08/11/360ONE_11_2025-07-08_15:30:00.json
2025-07-08 15:41:57,861 | INFO | utils.helpers | Saved raw JSON for NIFTYNXT50 at option_chain_snapshots/2025-07-08/11/NIFTYNXT50_11_2025-07-08_15:30:00.json
2025-07-08 15:41:57,861 | INFO | utils.helpers | Saved raw JSON for NIFTY at option_chain_snapshots/2025-07-08/11/NIFTY_11_2025-07-08_15:30:00.json
2025-07-08 16:00:04,384 | INFO | utils.helpers | Saved raw JSON for ATGL at option_chain_snapshots/2025-07-08/12/ATGL_12_2025-07-08_15:30:00.json
2025-07-08 16:00:04,391 | INFO | utils.helpers | Saved raw JSON for ADANIPORTS at option_chain_snapshots/2025-07-08/12/ADANIPORTS_12_2025-07-08_15:30:00.json
2025-07-08 16:00:04,397 | INFO | utils.helpers | Saved raw JSON for AARTIIND at option_chain_snapshots/2025-07-08/12/AARTIIND_12_2025-07-08_15:30:00.json
2025-07-08 16:00:04,408 | INFO | utils.helpers | Saved raw JSON for ABFRL at option_chain_snapshots/2025-07-08/12/ABFRL_12_2025-07-08_15:30:00.json
2025-07-08 16:00:04,422 | INFO | utils.helpers | Saved raw JSON for ALKEM at option_chain_snapshots/2025-07-08/12/ALKEM_12_2025-07-08_15:30:00.json
2025-07-08 16:00:04,423 | INFO | utils.helpers | Saved raw JSON for ABCAPITAL at option_chain_snapshots/2025-07-08/12/ABCAPITAL_12_2025-07-08_15:30:00.json
2025-07-08 16:00:04,432 | INFO | utils.helpers | Saved raw JSON for ANGELONE at option_chain_snapshots/2025-07-08/12/ANGELONE_12_2025-07-08_15:30:00.json
2025-07-08 16:00:04,441 | INFO | utils.helpers | Saved raw JSON for AMBER at option_chain_snapshots/2025-07-08/12/AMBER_12_2025-07-08_15:30:00.json
2025-07-08 16:00:04,451 | INFO | utils.helpers | Saved raw JSON for ADANIENT at option_chain_snapshots/2025-07-08/12/ADANIENT_12_2025-07-08_15:30:00.json
2025-07-08 16:00:04,471 | INFO | utils.helpers | Saved raw JSON for APOLLOHOSP at option_chain_snapshots/2025-07-08/12/APOLLOHOSP_12_2025-07-08_15:30:00.json
2025-07-08 16:00:04,480 | INFO | utils.helpers | Saved raw JSON for AMBUJACEM at option_chain_snapshots/2025-07-08/12/AMBUJACEM_12_2025-07-08_15:30:00.json
2025-07-08 16:00:04,485 | INFO | utils.helpers | Saved raw JSON for ADANIENSOL at option_chain_snapshots/2025-07-08/12/ADANIENSOL_12_2025-07-08_15:30:00.json
2025-07-08 16:00:04,487 | INFO | utils.helpers | Saved raw JSON for ADANIGREEN at option_chain_snapshots/2025-07-08/12/ADANIGREEN_12_2025-07-08_15:30:00.json
2025-07-08 16:00:04,489 | INFO | utils.helpers | Saved raw JSON for ASHOKLEY at option_chain_snapshots/2025-07-08/12/ASHOKLEY_12_2025-07-08_15:30:00.json
2025-07-08 16:00:04,493 | INFO | utils.helpers | Saved raw JSON for ASTRAL at option_chain_snapshots/2025-07-08/12/ASTRAL_12_2025-07-08_15:30:00.json
2025-07-08 16:00:04,513 | INFO | utils.helpers | Saved raw JSON for ASIANPAINT at option_chain_snapshots/2025-07-08/12/ASIANPAINT_12_2025-07-08_15:30:00.json
2025-07-08 16:00:04,520 | INFO | utils.helpers | Saved raw JSON for AXISBANK at option_chain_snapshots/2025-07-08/12/AXISBANK_12_2025-07-08_15:30:00.json
2025-07-08 16:00:04,530 | INFO | utils.helpers | Saved raw JSON for DMART at option_chain_snapshots/2025-07-08/12/DMART_12_2025-07-08_15:30:00.json
2025-07-08 16:00:04,537 | INFO | utils.helpers | Saved raw JSON for BAJFINANCE at option_chain_snapshots/2025-07-08/12/BAJFINANCE_12_2025-07-08_15:30:00.json
2025-07-08 16:00:04,538 | INFO | utils.helpers | Saved raw JSON for BSOFT at option_chain_snapshots/2025-07-08/12/BSOFT_12_2025-07-08_15:30:00.json
2025-07-08 16:00:04,539 | INFO | utils.helpers | Saved raw JSON for AUROPHARMA at option_chain_snapshots/2025-07-08/12/AUROPHARMA_12_2025-07-08_15:30:00.json
2025-07-08 16:00:04,541 | INFO | utils.helpers | Saved raw JSON for BANDHANBNK at option_chain_snapshots/2025-07-08/12/BANDHANBNK_12_2025-07-08_15:30:00.json
2025-07-08 16:00:04,559 | INFO | utils.helpers | Saved raw JSON for BAJAJ-AUTO at option_chain_snapshots/2025-07-08/12/BAJAJ-AUTO_12_2025-07-08_15:30:00.json
2025-07-08 16:00:04,576 | INFO | utils.helpers | Saved raw JSON for BHARTIARTL at option_chain_snapshots/2025-07-08/12/BHARTIARTL_12_2025-07-08_15:30:00.json
2025-07-08 16:00:04,608 | INFO | utils.helpers | Saved raw JSON for BAJAJFINSV at option_chain_snapshots/2025-07-08/12/BAJAJFINSV_12_2025-07-08_15:30:00.json
2025-07-08 16:00:04,621 | INFO | utils.helpers | Saved raw JSON for BANKBARODA at option_chain_snapshots/2025-07-08/12/BANKBARODA_12_2025-07-08_15:30:00.json
2025-07-08 16:00:04,622 | INFO | utils.helpers | Saved raw JSON for BANKINDIA at option_chain_snapshots/2025-07-08/12/BANKINDIA_12_2025-07-08_15:30:00.json
2025-07-08 16:00:04,636 | INFO | utils.helpers | Saved raw JSON for BEL at option_chain_snapshots/2025-07-08/12/BEL_12_2025-07-08_15:30:00.json
2025-07-08 16:00:04,639 | INFO | utils.helpers | Saved raw JSON for BALKRISIND at option_chain_snapshots/2025-07-08/12/BALKRISIND_12_2025-07-08_15:30:00.json
2025-07-08 16:00:04,653 | INFO | utils.helpers | Saved raw JSON for BHEL at option_chain_snapshots/2025-07-08/12/BHEL_12_2025-07-08_15:30:00.json
2025-07-08 16:00:04,664 | INFO | utils.helpers | Saved raw JSON for BSE at option_chain_snapshots/2025-07-08/12/BSE_12_2025-07-08_15:30:00.json
2025-07-08 16:00:04,674 | INFO | utils.helpers | Saved raw JSON for BLUESTARCO at option_chain_snapshots/2025-07-08/12/BLUESTARCO_12_2025-07-08_15:30:00.json
2025-07-08 16:00:04,684 | INFO | utils.helpers | Saved raw JSON for BHARATFORG at option_chain_snapshots/2025-07-08/12/BHARATFORG_12_2025-07-08_15:30:00.json
2025-07-08 16:00:04,692 | INFO | utils.helpers | Saved raw JSON for BPCL at option_chain_snapshots/2025-07-08/12/BPCL_12_2025-07-08_15:30:00.json
2025-07-08 16:00:04,693 | INFO | utils.helpers | Saved raw JSON for CESC at option_chain_snapshots/2025-07-08/12/CESC_12_2025-07-08_15:30:00.json
2025-07-08 16:00:04,729 | INFO | utils.helpers | Saved raw JSON for BRITANNIA at option_chain_snapshots/2025-07-08/12/BRITANNIA_12_2025-07-08_15:30:00.json
2025-07-08 16:00:04,729 | INFO | utils.helpers | Saved raw JSON for BIOCON at option_chain_snapshots/2025-07-08/12/BIOCON_12_2025-07-08_15:30:00.json
2025-07-08 16:00:04,744 | INFO | utils.helpers | Saved raw JSON for CGPOWER at option_chain_snapshots/2025-07-08/12/CGPOWER_12_2025-07-08_15:30:00.json
2025-07-08 16:00:04,744 | INFO | utils.helpers | Saved raw JSON for BDL at option_chain_snapshots/2025-07-08/12/BDL_12_2025-07-08_15:30:00.json
2025-07-08 16:00:04,751 | INFO | utils.helpers | Saved raw JSON for BOSCHLTD at option_chain_snapshots/2025-07-08/12/BOSCHLTD_12_2025-07-08_15:30:00.json
2025-07-08 16:00:04,878 | INFO | utils.helpers | Saved raw JSON for CANBK at option_chain_snapshots/2025-07-08/12/CANBK_12_2025-07-08_15:30:00.json
2025-07-08 16:00:04,878 | INFO | utils.helpers | Saved raw JSON for CHOLAFIN at option_chain_snapshots/2025-07-08/12/CHOLAFIN_12_2025-07-08_15:30:00.json
2025-07-08 16:00:04,883 | INFO | utils.helpers | Saved raw JSON for CIPLA at option_chain_snapshots/2025-07-08/12/CIPLA_12_2025-07-08_15:30:00.json
2025-07-08 16:00:04,917 | INFO | utils.helpers | Saved raw JSON for CHAMBLFERT at option_chain_snapshots/2025-07-08/12/CHAMBLFERT_12_2025-07-08_15:30:00.json
2025-07-08 16:00:04,978 | INFO | utils.helpers | Saved raw JSON for CDSL at option_chain_snapshots/2025-07-08/12/CDSL_12_2025-07-08_15:30:00.json
