2025-07-04 17:11:44,945 | ERROR | utils.database | Failed to retrieve latest snapshot ID: (pymysql.err.ProgrammingError) (1146, "Table 'optionchaindata.optionchain_metadata' doesn't exist")
[SQL: SELECT MAX(SNAPSHOT_ID) FROM optionchain_metadata]
(Background on this error at: https://sqlalche.me/e/20/f405)
2025-07-04 17:19:25,430 | ERROR | utils.database | Failed to retrieve latest snapshot ID: (pymysql.err.ProgrammingError) (1146, "Table 'optionchaindata.optionchain_metadata' doesn't exist")
[SQL: SELECT MAX(SNAPSHOT_ID) FROM optionchain_metadata]
(Background on this error at: https://sqlalche.me/e/20/f405)
2025-07-04 23:03:48,787 | ERROR | utils.database | Failed to retrieve latest snapshot ID: (pymysql.err.OperationalError) (2003, "Can't connect to MySQL server on '34.93.144.87' (timed out)")
(Background on this error at: https://sqlalche.me/e/20/e3q8)
2025-07-04 23:07:31,238 | ERROR | utils.database | Failed to retrieve latest snapshot ID: (pymysql.err.ProgrammingError) (1146, "Table 'optionchaindata.optionchain_metadata' doesn't exist")
[SQL: SELECT MAX(SNAPSHOT_ID) FROM optionchain_metadata]
(Background on this error at: https://sqlalche.me/e/20/f405)
2025-07-04 23:07:59,187 | INFO | utils.database | Successfully Inserted DataFrame into optionchain
2025-07-04 23:07:59,869 | INFO | utils.database | Successfully Inserted DataFrame into optionchain_snapshots
2025-07-04 23:08:00,626 | INFO | utils.database | Successfully Inserted DataFrame into optionchain
2025-07-04 23:08:01,396 | INFO | utils.database | Successfully Inserted DataFrame into optionchain_snapshots
2025-07-04 23:08:02,022 | INFO | utils.database | Successfully Inserted DataFrame into optionchain
2025-07-04 23:08:02,765 | INFO | utils.database | Successfully Inserted DataFrame into optionchain_snapshots
2025-07-04 23:11:01,525 | INFO | utils.database | Successfully Inserted DataFrame into optionchain
2025-07-04 23:11:02,146 | INFO | utils.database | Successfully Inserted DataFrame into optionchain_snapshots
2025-07-04 23:11:02,807 | INFO | utils.database | Successfully Inserted DataFrame into optionchain
2025-07-04 23:11:03,399 | INFO | utils.database | Successfully Inserted DataFrame into optionchain_snapshots
2025-07-04 23:11:03,947 | INFO | utils.database | Successfully Inserted DataFrame into optionchain
2025-07-04 23:11:04,459 | INFO | utils.database | Successfully Inserted DataFrame into optionchain_snapshots
2025-07-04 23:11:56,612 | INFO | utils.database | Successfully Inserted DataFrame into optionchain
2025-07-04 23:11:57,375 | INFO | utils.database | Successfully Inserted DataFrame into optionchain_snapshots
2025-07-04 23:11:58,032 | INFO | utils.database | Successfully Inserted DataFrame into optionchain
2025-07-04 23:11:58,803 | INFO | utils.database | Successfully Inserted DataFrame into optionchain_snapshots
2025-07-04 23:11:59,376 | INFO | utils.database | Successfully Inserted DataFrame into optionchain
2025-07-04 23:11:59,920 | INFO | utils.database | Successfully Inserted DataFrame into optionchain_snapshots
