2025-07-06 15:25:10,276 | INFO | utils.parser | [360ONE] Option chain data successfully parsed.
2025-07-06 15:25:11,509 | INFO | utils.parser | [ABB] Option chain data successfully parsed.
2025-07-06 15:25:12,601 | INFO | utils.parser | [ACC] Option chain data successfully parsed.
2025-07-06 15:25:13,988 | INFO | utils.parser | [APLAPOLLO] Option chain data successfully parsed.
2025-07-06 15:25:15,318 | INFO | utils.parser | [AUBANK] Option chain data successfully parsed.
2025-07-06 15:25:16,510 | INFO | utils.parser | [AARTIIND] Option chain data successfully parsed.
2025-07-06 15:25:17,713 | INFO | utils.parser | [ADANIENSOL] Option chain data successfully parsed.
2025-07-06 15:25:18,977 | INFO | utils.parser | [ADANIENT] Option chain data successfully parsed.
2025-07-06 15:25:20,047 | INFO | utils.parser | [ADANIGREEN] Option chain data successfully parsed.
2025-07-06 15:25:21,334 | INFO | utils.parser | [ADANIPORTS] Option chain data successfully parsed.
2025-07-06 15:25:22,485 | INFO | utils.parser | [ATGL] Option chain data successfully parsed.
2025-07-06 15:25:23,787 | INFO | utils.parser | [ABCAPITAL] Option chain data successfully parsed.
2025-07-06 15:25:25,142 | INFO | utils.parser | [ABFRL] Option chain data successfully parsed.
2025-07-06 15:25:26,300 | INFO | utils.parser | [ALKEM] Option chain data successfully parsed.
2025-07-06 15:25:27,689 | INFO | utils.parser | [AMBER] Option chain data successfully parsed.
2025-07-06 15:25:28,805 | INFO | utils.parser | [AMBUJACEM] Option chain data successfully parsed.
2025-07-06 15:25:29,943 | INFO | utils.parser | [ANGELONE] Option chain data successfully parsed.
2025-07-06 15:25:31,090 | INFO | utils.parser | [APOLLOHOSP] Option chain data successfully parsed.
2025-07-06 15:25:32,366 | INFO | utils.parser | [ASHOKLEY] Option chain data successfully parsed.
2025-07-06 15:25:33,535 | INFO | utils.parser | [ASIANPAINT] Option chain data successfully parsed.
2025-07-06 15:25:34,689 | INFO | utils.parser | [ASTRAL] Option chain data successfully parsed.
2025-07-06 15:25:36,229 | INFO | utils.parser | [AUROPHARMA] Option chain data successfully parsed.
2025-07-06 15:25:37,408 | INFO | utils.parser | [DMART] Option chain data successfully parsed.
2025-07-06 15:25:38,716 | INFO | utils.parser | [AXISBANK] Option chain data successfully parsed.
2025-07-06 15:25:40,105 | INFO | utils.parser | [BSOFT] Option chain data successfully parsed.
2025-07-06 15:25:41,434 | INFO | utils.parser | [BSE] Option chain data successfully parsed.
2025-07-06 15:25:42,775 | INFO | utils.parser | [BAJAJ-AUTO] Option chain data successfully parsed.
2025-07-06 15:25:44,011 | INFO | utils.parser | [BAJFINANCE] Option chain data successfully parsed.
2025-07-06 15:25:45,565 | INFO | utils.parser | [BAJAJFINSV] Option chain data successfully parsed.
2025-07-06 15:25:46,716 | INFO | utils.parser | [BALKRISIND] Option chain data successfully parsed.
2025-07-06 15:25:47,906 | INFO | utils.parser | [BANDHANBNK] Option chain data successfully parsed.
2025-07-06 15:25:49,328 | INFO | utils.parser | [BANKBARODA] Option chain data successfully parsed.
2025-07-06 15:25:50,740 | INFO | utils.parser | [BANKINDIA] Option chain data successfully parsed.
2025-07-06 15:25:52,244 | INFO | utils.parser | [BDL] Option chain data successfully parsed.
2025-07-06 15:25:53,436 | INFO | utils.parser | [BEL] Option chain data successfully parsed.
2025-07-06 15:25:54,648 | INFO | utils.parser | [BHARATFORG] Option chain data successfully parsed.
2025-07-06 15:25:56,206 | INFO | utils.parser | [BHEL] Option chain data successfully parsed.
2025-07-06 15:25:57,502 | INFO | utils.parser | [BPCL] Option chain data successfully parsed.
2025-07-06 15:25:58,676 | INFO | utils.parser | [BHARTIARTL] Option chain data successfully parsed.
2025-07-06 15:26:00,001 | INFO | utils.parser | [BIOCON] Option chain data successfully parsed.
2025-07-06 15:26:01,232 | INFO | utils.parser | [BLUESTARCO] Option chain data successfully parsed.
2025-07-06 15:26:02,428 | INFO | utils.parser | [BOSCHLTD] Option chain data successfully parsed.
2025-07-06 15:26:03,569 | INFO | utils.parser | [BRITANNIA] Option chain data successfully parsed.
2025-07-06 15:26:04,724 | INFO | utils.parser | [CESC] Option chain data successfully parsed.
2025-07-06 15:26:06,050 | INFO | utils.parser | [CGPOWER] Option chain data successfully parsed.
2025-07-06 15:26:07,457 | INFO | utils.parser | [CANBK] Option chain data successfully parsed.
2025-07-06 15:26:08,852 | INFO | utils.parser | [CDSL] Option chain data successfully parsed.
2025-07-06 15:26:10,018 | INFO | utils.parser | [CHAMBLFERT] Option chain data successfully parsed.
2025-07-06 15:26:11,621 | INFO | utils.parser | [CHOLAFIN] Option chain data successfully parsed.
2025-07-06 15:26:12,923 | INFO | utils.parser | [CIPLA] Option chain data successfully parsed.
2025-07-06 16:45:59,746 | INFO | utils.parser | [360ONE] Option chain data successfully parsed.
2025-07-06 16:46:01,045 | INFO | utils.parser | [ABB] Option chain data successfully parsed.
2025-07-06 16:46:02,334 | INFO | utils.parser | [ACC] Option chain data successfully parsed.
2025-07-06 16:46:03,538 | INFO | utils.parser | [APLAPOLLO] Option chain data successfully parsed.
2025-07-06 16:46:04,947 | INFO | utils.parser | [AUBANK] Option chain data successfully parsed.
2025-07-06 16:46:06,283 | INFO | utils.parser | [AARTIIND] Option chain data successfully parsed.
2025-07-06 16:46:07,617 | INFO | utils.parser | [ADANIENSOL] Option chain data successfully parsed.
2025-07-06 16:46:08,725 | INFO | utils.parser | [ADANIENT] Option chain data successfully parsed.
2025-07-06 16:46:09,971 | INFO | utils.parser | [ADANIGREEN] Option chain data successfully parsed.
2025-07-06 16:46:11,104 | INFO | utils.parser | [ADANIPORTS] Option chain data successfully parsed.
2025-07-06 16:56:56,646 | INFO | utils.parser | [360ONE] Option chain data successfully parsed.
2025-07-06 16:56:57,856 | INFO | utils.parser | [ABB] Option chain data successfully parsed.
2025-07-06 16:56:58,961 | INFO | utils.parser | [ACC] Option chain data successfully parsed.
2025-07-06 16:57:00,142 | INFO | utils.parser | [APLAPOLLO] Option chain data successfully parsed.
2025-07-06 16:57:01,276 | INFO | utils.parser | [AUBANK] Option chain data successfully parsed.
2025-07-06 16:58:21,102 | INFO | utils.parser | [360ONE] Option chain data successfully parsed.
2025-07-06 16:58:22,403 | INFO | utils.parser | [ABB] Option chain data successfully parsed.
2025-07-06 16:58:23,791 | INFO | utils.parser | [ACC] Option chain data successfully parsed.
2025-07-06 16:58:24,921 | INFO | utils.parser | [APLAPOLLO] Option chain data successfully parsed.
2025-07-06 16:58:26,195 | INFO | utils.parser | [AUBANK] Option chain data successfully parsed.
2025-07-06 16:58:27,459 | INFO | utils.parser | [AARTIIND] Option chain data successfully parsed.
2025-07-06 16:58:29,188 | INFO | utils.parser | [ADANIENSOL] Option chain data successfully parsed.
2025-07-06 16:58:30,570 | INFO | utils.parser | [ADANIENT] Option chain data successfully parsed.
2025-07-06 16:58:31,693 | INFO | utils.parser | [ADANIGREEN] Option chain data successfully parsed.
2025-07-06 16:58:32,906 | INFO | utils.parser | [ADANIPORTS] Option chain data successfully parsed.
2025-07-06 16:58:34,156 | INFO | utils.parser | [ATGL] Option chain data successfully parsed.
2025-07-06 16:58:35,298 | INFO | utils.parser | [ABCAPITAL] Option chain data successfully parsed.
2025-07-06 16:58:36,507 | INFO | utils.parser | [ABFRL] Option chain data successfully parsed.
2025-07-06 16:58:37,687 | INFO | utils.parser | [ALKEM] Option chain data successfully parsed.
2025-07-06 16:58:39,016 | INFO | utils.parser | [AMBER] Option chain data successfully parsed.
2025-07-06 16:58:40,229 | INFO | utils.parser | [AMBUJACEM] Option chain data successfully parsed.
2025-07-06 16:58:41,448 | INFO | utils.parser | [ANGELONE] Option chain data successfully parsed.
2025-07-06 16:58:43,005 | INFO | utils.parser | [APOLLOHOSP] Option chain data successfully parsed.
2025-07-06 16:58:44,453 | INFO | utils.parser | [ASHOKLEY] Option chain data successfully parsed.
2025-07-06 16:58:45,573 | INFO | utils.parser | [ASIANPAINT] Option chain data successfully parsed.
2025-07-06 16:58:46,904 | INFO | utils.parser | [ASTRAL] Option chain data successfully parsed.
2025-07-06 16:58:48,158 | INFO | utils.parser | [AUROPHARMA] Option chain data successfully parsed.
2025-07-06 16:58:49,587 | INFO | utils.parser | [DMART] Option chain data successfully parsed.
2025-07-06 16:58:51,043 | INFO | utils.parser | [AXISBANK] Option chain data successfully parsed.
2025-07-06 16:58:52,298 | INFO | utils.parser | [BSOFT] Option chain data successfully parsed.
2025-07-06 16:58:53,691 | INFO | utils.parser | [BSE] Option chain data successfully parsed.
2025-07-06 16:58:54,917 | INFO | utils.parser | [BAJAJ-AUTO] Option chain data successfully parsed.
2025-07-06 16:58:56,342 | INFO | utils.parser | [BAJFINANCE] Option chain data successfully parsed.
2025-07-06 16:58:57,606 | INFO | utils.parser | [BAJAJFINSV] Option chain data successfully parsed.
2025-07-06 16:58:58,757 | INFO | utils.parser | [BALKRISIND] Option chain data successfully parsed.
